140816 11:48:51 [Note] Plugin 'FEDERATED' is disabled.
140816 11:48:51 InnoDB: The InnoDB memory heap is disabled
140816 11:48:51 InnoDB: Mutexes and rw_locks use Windows interlocked functions
140816 11:48:51 InnoDB: Compressed tables use zlib 1.2.3
140816 11:48:51 InnoDB: Initializing buffer pool, size = 16.0M
140816 11:48:51 InnoDB: Completed initialization of buffer pool
InnoDB: The first specified data file H:\UniServerZ(Project)\core\mysql\data\ibdata1 did not exist:
InnoDB: a new database to be created!
140816 11:48:51  InnoDB: Setting file H:\UniServerZ(Project)\core\mysql\data\ibdata1 size to 10 MB
InnoDB: Database physically writes the file full: wait...
140816 11:48:52  InnoDB: Log file H:\UniServerZ(Project)\core\mysql\data\ib_logfile0 did not exist: new to be created
InnoDB: Setting log file H:\UniServerZ(Project)\core\mysql\data\ib_logfile0 size to 5 MB
InnoDB: Database physically writes the file full: wait...
140816 11:48:52  InnoDB: Log file H:\UniServerZ(Project)\core\mysql\data\ib_logfile1 did not exist: new to be created
InnoDB: Setting log file H:\UniServerZ(Project)\core\mysql\data\ib_logfile1 size to 5 MB
InnoDB: Database physically writes the file full: wait...
InnoDB: Doublewrite buffer not found: creating new
InnoDB: Doublewrite buffer created
InnoDB: 127 rollback segment(s) active.
InnoDB: Creating foreign key constraint system tables
InnoDB: Foreign key constraint system tables created
140816 11:48:52  InnoDB: Waiting for the background threads to start
140816 11:48:53 InnoDB: 5.5.38 started; log sequence number 0
140816 11:48:53 [Note] Server hostname (bind-address): '127.0.0.1'; port: 3306
140816 11:48:53 [Note]   - '127.0.0.1' resolves to '127.0.0.1';
140816 11:48:53 [Note] Server socket created on IP: '127.0.0.1'.
140816 11:48:54 [Note] Event Scheduler: Loaded 0 events
140816 11:48:54 [Note] H:\UniServerZ(Project)\core\mysql\bin\mysqld_z.exe: ready for connections.
Version: '5.5.38'  socket: ''  port: 3306  MySQL Community Server (GPL)
140816 13:17:56 [Note] H:\UniServerZ(Project)\core\mysql\bin\mysqld_z.exe: Normal shutdown

140816 13:17:56 [Note] Event Scheduler: Purging the queue. 0 events
140816 13:17:56  InnoDB: Starting shutdown...
140816 13:17:57  InnoDB: Shutdown completed; log sequence number 2356561
140816 13:17:57 [Note] H:\UniServerZ(Project)\core\mysql\bin\mysqld_z.exe: Shutdown complete

140816 13:53:39 [Note] Plugin 'FEDERATED' is disabled.
140816 13:53:39 InnoDB: The InnoDB memory heap is disabled
140816 13:53:39 InnoDB: Mutexes and rw_locks use Windows interlocked functions
140816 13:53:39 InnoDB: Compressed tables use zlib 1.2.3
140816 13:53:39 InnoDB: Initializing buffer pool, size = 16.0M
140816 13:53:39 InnoDB: Completed initialization of buffer pool
140816 13:53:39 InnoDB: highest supported file format is Barracuda.
140816 13:53:39  InnoDB: Waiting for the background threads to start
140816 13:53:40 InnoDB: 5.5.38 started; log sequence number 2356561
140816 13:53:40 [Note] Server hostname (bind-address): '127.0.0.1'; port: 3306
140816 13:53:40 [Note]   - '127.0.0.1' resolves to '127.0.0.1';
140816 13:53:40 [Note] Server socket created on IP: '127.0.0.1'.
140816 13:53:40 [Note] Event Scheduler: Loaded 0 events
140816 13:53:40 [Note] H:\UniServerZ(Project)\core\mysql\bin\mysqld_z.exe: ready for connections.
Version: '5.5.38'  socket: ''  port: 3306  MySQL Community Server (GPL)
140816 13:54:08 [Note] H:\UniServerZ(Project)\core\mysql\bin\mysqld_z.exe: Normal shutdown

140816 13:54:08 [Note] Event Scheduler: Purging the queue. 0 events
140816 13:54:08  InnoDB: Starting shutdown...
140816 13:54:09  InnoDB: Shutdown completed; log sequence number 2356571
140816 13:54:09 [Note] H:\UniServerZ(Project)\core\mysql\bin\mysqld_z.exe: Shutdown complete

140816 15:10:42 [Note] Plugin 'FEDERATED' is disabled.
140816 15:10:42 InnoDB: The InnoDB memory heap is disabled
140816 15:10:42 InnoDB: Mutexes and rw_locks use Windows interlocked functions
140816 15:10:42 InnoDB: Compressed tables use zlib 1.2.3
140816 15:10:42 InnoDB: Initializing buffer pool, size = 16.0M
140816 15:10:42 InnoDB: Completed initialization of buffer pool
140816 15:10:42 InnoDB: highest supported file format is Barracuda.
140816 15:10:42  InnoDB: Waiting for the background threads to start
140816 15:10:43 InnoDB: 5.5.38 started; log sequence number 2356571
140816 15:10:43 [Note] Server hostname (bind-address): '127.0.0.1'; port: 3306
140816 15:10:43 [Note]   - '127.0.0.1' resolves to '127.0.0.1';
140816 15:10:43 [Note] Server socket created on IP: '127.0.0.1'.
140816 15:10:43 [Note] Event Scheduler: Loaded 0 events
140816 15:10:43 [Note] H:\UniServerZ(Project)\core\mysql\bin\mysqld_z.exe: ready for connections.
Version: '5.5.38'  socket: ''  port: 3306  MySQL Community Server (GPL)
140816 17:58:05 [Note] H:\UniServerZ(Project)\core\mysql\bin\mysqld_z.exe: Normal shutdown

140816 17:58:05 [Note] Event Scheduler: Purging the queue. 0 events
140816 17:58:05  InnoDB: Starting shutdown...
140816 17:58:06  InnoDB: Shutdown completed; log sequence number 2395095
140816 17:58:06 [Note] H:\UniServerZ(Project)\core\mysql\bin\mysqld_z.exe: Shutdown complete

140816 23:45:06 [Note] Plugin 'FEDERATED' is disabled.
140816 23:45:06 InnoDB: The InnoDB memory heap is disabled
140816 23:45:06 InnoDB: Mutexes and rw_locks use Windows interlocked functions
140816 23:45:06 InnoDB: Compressed tables use zlib 1.2.3
140816 23:45:06 InnoDB: Initializing buffer pool, size = 16.0M
140816 23:45:06 InnoDB: Completed initialization of buffer pool
140816 23:45:06 InnoDB: highest supported file format is Barracuda.
140816 23:45:06  InnoDB: Waiting for the background threads to start
140816 23:45:07 InnoDB: 5.5.38 started; log sequence number 2395095
140816 23:45:07 [Note] Server hostname (bind-address): '127.0.0.1'; port: 3306
140816 23:45:07 [Note]   - '127.0.0.1' resolves to '127.0.0.1';
140816 23:45:07 [Note] Server socket created on IP: '127.0.0.1'.
140816 23:45:07 [Note] Event Scheduler: Loaded 0 events
140816 23:45:07 [Note] H:\UniServerZ(Project)\core\mysql\bin\mysqld_z.exe: ready for connections.
Version: '5.5.38'  socket: ''  port: 3306  MySQL Community Server (GPL)
140817 11:09:17 [Note] Plugin 'FEDERATED' is disabled.
140817 11:09:18 InnoDB: The InnoDB memory heap is disabled
140817 11:09:18 InnoDB: Mutexes and rw_locks use Windows interlocked functions
140817 11:09:18 InnoDB: Compressed tables use zlib 1.2.3
140817 11:09:18 InnoDB: Initializing buffer pool, size = 16.0M
140817 11:09:18 InnoDB: Completed initialization of buffer pool
140817 11:09:18 InnoDB: highest supported file format is Barracuda.
InnoDB: The log sequence number in ibdata files does not match
InnoDB: the log sequence number in the ib_logfiles!
140817 11:09:18  InnoDB: Database was not shut down normally!
InnoDB: Starting crash recovery.
InnoDB: Reading tablespace information from the .ibd files...
InnoDB: Restoring possible half-written data pages from the doublewrite
InnoDB: buffer...
140817 11:09:18  InnoDB: Waiting for the background threads to start
140817 11:09:19 InnoDB: 5.5.38 started; log sequence number 2395115
140817 11:09:19 [Note] Server hostname (bind-address): '127.0.0.1'; port: 3306
140817 11:09:19 [Note]   - '127.0.0.1' resolves to '127.0.0.1';
140817 11:09:19 [Note] Server socket created on IP: '127.0.0.1'.
140817 11:09:20 [Note] Event Scheduler: Loaded 0 events
140817 11:09:20 [Note] H:\UniServerZ(Project)\core\mysql\bin\mysqld_z.exe: ready for connections.
Version: '5.5.38'  socket: ''  port: 3306  MySQL Community Server (GPL)
140818  9:27:39 [Note] Plugin 'FEDERATED' is disabled.
140818  9:27:39 InnoDB: The InnoDB memory heap is disabled
140818  9:27:39 InnoDB: Mutexes and rw_locks use Windows interlocked functions
140818  9:27:39 InnoDB: Compressed tables use zlib 1.2.3
140818  9:27:39 InnoDB: Initializing buffer pool, size = 16.0M
140818  9:27:39 InnoDB: Completed initialization of buffer pool
140818  9:27:39 InnoDB: highest supported file format is Barracuda.
InnoDB: The log sequence number in ibdata files does not match
InnoDB: the log sequence number in the ib_logfiles!
140818  9:27:39  InnoDB: Database was not shut down normally!
InnoDB: Starting crash recovery.
InnoDB: Reading tablespace information from the .ibd files...
InnoDB: Restoring possible half-written data pages from the doublewrite
InnoDB: buffer...
140818  9:27:40  InnoDB: Waiting for the background threads to start
140818  9:27:41 InnoDB: 5.5.38 started; log sequence number 2395201
140818  9:27:42 [Note] Server hostname (bind-address): '127.0.0.1'; port: 3306
140818  9:27:42 [Note]   - '127.0.0.1' resolves to '127.0.0.1';
140818  9:27:42 [Note] Server socket created on IP: '127.0.0.1'.
140818  9:27:42 [Note] Event Scheduler: Loaded 0 events
140818  9:27:42 [Note] E:\UniServerZ(Project)\core\mysql\bin\mysqld_z.exe: ready for connections.
Version: '5.5.38'  socket: ''  port: 3306  MySQL Community Server (GPL)
140819  7:01:17 [Note] Plugin 'FEDERATED' is disabled.
140819  7:01:17 InnoDB: The InnoDB memory heap is disabled
140819  7:01:17 InnoDB: Mutexes and rw_locks use Windows interlocked functions
140819  7:01:17 InnoDB: Compressed tables use zlib 1.2.3
140819  7:01:17 InnoDB: Initializing buffer pool, size = 16.0M
140819  7:01:17 InnoDB: Completed initialization of buffer pool
140819  7:01:17 InnoDB: highest supported file format is Barracuda.
InnoDB: The log sequence number in ibdata files does not match
InnoDB: the log sequence number in the ib_logfiles!
140819  7:01:17  InnoDB: Database was not shut down normally!
InnoDB: Starting crash recovery.
InnoDB: Reading tablespace information from the .ibd files...
InnoDB: Restoring possible half-written data pages from the doublewrite
InnoDB: buffer...
140819  7:01:18  InnoDB: Waiting for the background threads to start
140819  7:01:19 InnoDB: 5.5.38 started; log sequence number 2395211
140819  7:01:19 [Note] Server hostname (bind-address): '127.0.0.1'; port: 3306
140819  7:01:19 [Note]   - '127.0.0.1' resolves to '127.0.0.1';
140819  7:01:19 [Note] Server socket created on IP: '127.0.0.1'.
140819  7:01:19 [Note] Event Scheduler: Loaded 0 events
140819  7:01:19 [Note] H:\UniServerZ(Project)\core\mysql\bin\mysqld_z.exe: ready for connections.
Version: '5.5.38'  socket: ''  port: 3306  MySQL Community Server (GPL)
140820 11:44:38 [Note] Plugin 'FEDERATED' is disabled.
140820 11:44:39 InnoDB: The InnoDB memory heap is disabled
140820 11:44:39 InnoDB: Mutexes and rw_locks use Windows interlocked functions
140820 11:44:39 InnoDB: Compressed tables use zlib 1.2.3
140820 11:44:39 InnoDB: Initializing buffer pool, size = 16.0M
140820 11:44:39 InnoDB: Completed initialization of buffer pool
140820 11:44:39 InnoDB: highest supported file format is Barracuda.
InnoDB: The log sequence number in ibdata files does not match
InnoDB: the log sequence number in the ib_logfiles!
140820 11:44:39  InnoDB: Database was not shut down normally!
InnoDB: Starting crash recovery.
InnoDB: Reading tablespace information from the .ibd files...
InnoDB: Restoring possible half-written data pages from the doublewrite
InnoDB: buffer...
140820 11:44:39  InnoDB: Waiting for the background threads to start
140820 11:44:40 InnoDB: 5.5.38 started; log sequence number 2398657
140820 11:44:40 [Note] Server hostname (bind-address): '127.0.0.1'; port: 3306
140820 11:44:40 [Note]   - '127.0.0.1' resolves to '127.0.0.1';
140820 11:44:40 [Note] Server socket created on IP: '127.0.0.1'.
140820 11:44:40 [Note] Event Scheduler: Loaded 0 events
140820 11:44:40 [Note] H:\UniServerZ(Project)\core\mysql\bin\mysqld_z.exe: ready for connections.
Version: '5.5.38'  socket: ''  port: 3306  MySQL Community Server (GPL)
140821  9:04:16 [Note] Plugin 'FEDERATED' is disabled.
140821  9:04:16 InnoDB: The InnoDB memory heap is disabled
140821  9:04:16 InnoDB: Mutexes and rw_locks use Windows interlocked functions
140821  9:04:16 InnoDB: Compressed tables use zlib 1.2.3
140821  9:04:16 InnoDB: Initializing buffer pool, size = 16.0M
140821  9:04:17 InnoDB: Completed initialization of buffer pool
140821  9:04:17 InnoDB: highest supported file format is Barracuda.
InnoDB: The log sequence number in ibdata files does not match
InnoDB: the log sequence number in the ib_logfiles!
140821  9:04:17  InnoDB: Database was not shut down normally!
InnoDB: Starting crash recovery.
InnoDB: Reading tablespace information from the .ibd files...
InnoDB: Restoring possible half-written data pages from the doublewrite
InnoDB: buffer...
140821  9:04:17  InnoDB: Waiting for the background threads to start
140821  9:04:18 InnoDB: 5.5.38 started; log sequence number 2398687
140821  9:04:18 [Note] Server hostname (bind-address): '127.0.0.1'; port: 3306
140821  9:04:18 [Note]   - '127.0.0.1' resolves to '127.0.0.1';
140821  9:04:18 [Note] Server socket created on IP: '127.0.0.1'.
140821  9:04:19 [Note] Event Scheduler: Loaded 0 events
140821  9:04:19 [Note] E:\UniServerZ(Project)\core\mysql\bin\mysqld_z.exe: ready for connections.
Version: '5.5.38'  socket: ''  port: 3306  MySQL Community Server (GPL)
140822 12:50:54 [Note] Plugin 'FEDERATED' is disabled.
140822 12:50:54 InnoDB: The InnoDB memory heap is disabled
140822 12:50:54 InnoDB: Mutexes and rw_locks use Windows interlocked functions
140822 12:50:54 InnoDB: Compressed tables use zlib 1.2.3
140822 12:50:54 InnoDB: Initializing buffer pool, size = 16.0M
140822 12:50:54 InnoDB: Completed initialization of buffer pool
140822 12:50:54 InnoDB: highest supported file format is Barracuda.
InnoDB: The log sequence number in ibdata files does not match
InnoDB: the log sequence number in the ib_logfiles!
140822 12:50:54  InnoDB: Database was not shut down normally!
InnoDB: Starting crash recovery.
InnoDB: Reading tablespace information from the .ibd files...
InnoDB: Restoring possible half-written data pages from the doublewrite
InnoDB: buffer...
140822 12:50:54  InnoDB: Waiting for the background threads to start
140822 12:50:55 InnoDB: 5.5.38 started; log sequence number 2398697
140822 12:50:55 [Note] Server hostname (bind-address): '127.0.0.1'; port: 3306
140822 12:50:55 [Note]   - '127.0.0.1' resolves to '127.0.0.1';
140822 12:50:55 [Note] Server socket created on IP: '127.0.0.1'.
140822 12:50:55 [Note] Event Scheduler: Loaded 0 events
140822 12:50:55 [Note] H:\UniServerZ(Project)\core\mysql\bin\mysqld_z.exe: ready for connections.
Version: '5.5.38'  socket: ''  port: 3306  MySQL Community Server (GPL)
140823 10:59:19 [Note] Plugin 'FEDERATED' is disabled.
140823 10:59:20 InnoDB: The InnoDB memory heap is disabled
140823 10:59:20 InnoDB: Mutexes and rw_locks use Windows interlocked functions
140823 10:59:20 InnoDB: Compressed tables use zlib 1.2.3
140823 10:59:20 InnoDB: Initializing buffer pool, size = 16.0M
140823 10:59:20 InnoDB: Completed initialization of buffer pool
140823 10:59:20 InnoDB: highest supported file format is Barracuda.
InnoDB: The log sequence number in ibdata files does not match
InnoDB: the log sequence number in the ib_logfiles!
140823 10:59:20  InnoDB: Database was not shut down normally!
InnoDB: Starting crash recovery.
InnoDB: Reading tablespace information from the .ibd files...
InnoDB: Restoring possible half-written data pages from the doublewrite
InnoDB: buffer...
140823 10:59:20  InnoDB: Waiting for the background threads to start
140823 10:59:21 InnoDB: 5.5.38 started; log sequence number 2398863
140823 10:59:21 [Note] Server hostname (bind-address): '127.0.0.1'; port: 3306
140823 10:59:21 [Note]   - '127.0.0.1' resolves to '127.0.0.1';
140823 10:59:21 [Note] Server socket created on IP: '127.0.0.1'.
140823 10:59:22 [Note] Event Scheduler: Loaded 0 events
140823 10:59:22 [Note] H:\UniServerZ(Project)\core\mysql\bin\mysqld_z.exe: ready for connections.
Version: '5.5.38'  socket: ''  port: 3306  MySQL Community Server (GPL)
140823 12:00:49 [Note] H:\UniServerZ(Project)\core\mysql\bin\mysqld_z.exe: Normal shutdown

140823 12:00:49 [Note] Event Scheduler: Purging the queue. 0 events
140823 12:00:49  InnoDB: Starting shutdown...
140823 12:00:49  InnoDB: Shutdown completed; log sequence number 2398873
140823 12:00:49 [Note] H:\UniServerZ(Project)\core\mysql\bin\mysqld_z.exe: Shutdown complete

140823 12:10:17 [Note] Plugin 'FEDERATED' is disabled.
140823 12:10:17 InnoDB: The InnoDB memory heap is disabled
140823 12:10:17 InnoDB: Mutexes and rw_locks use Windows interlocked functions
140823 12:10:17 InnoDB: Compressed tables use zlib 1.2.3
140823 12:10:17 InnoDB: Initializing buffer pool, size = 16.0M
140823 12:10:17 InnoDB: Completed initialization of buffer pool
140823 12:10:17 InnoDB: highest supported file format is Barracuda.
140823 12:10:18  InnoDB: Waiting for the background threads to start
140823 12:10:19 InnoDB: 5.5.38 started; log sequence number 2398873
140823 12:10:19 [Note] Server hostname (bind-address): '127.0.0.1'; port: 3306
140823 12:10:19 [Note]   - '127.0.0.1' resolves to '127.0.0.1';
140823 12:10:19 [Note] Server socket created on IP: '127.0.0.1'.
140823 12:10:19 [Note] Event Scheduler: Loaded 0 events
140823 12:10:19 [Note] H:\UniServerZ(Project)\core\mysql\bin\mysqld_z.exe: ready for connections.
Version: '5.5.38'  socket: ''  port: 3306  MySQL Community Server (GPL)
140824 11:18:10 [Note] Plugin 'FEDERATED' is disabled.
140824 11:18:10 InnoDB: The InnoDB memory heap is disabled
140824 11:18:10 InnoDB: Mutexes and rw_locks use Windows interlocked functions
140824 11:18:10 InnoDB: Compressed tables use zlib 1.2.3
140824 11:18:10 InnoDB: Initializing buffer pool, size = 16.0M
140824 11:18:10 InnoDB: Completed initialization of buffer pool
140824 11:18:10 InnoDB: highest supported file format is Barracuda.
InnoDB: The log sequence number in ibdata files does not match
InnoDB: the log sequence number in the ib_logfiles!
140824 11:18:10  InnoDB: Database was not shut down normally!
InnoDB: Starting crash recovery.
InnoDB: Reading tablespace information from the .ibd files...
InnoDB: Restoring possible half-written data pages from the doublewrite
InnoDB: buffer...
140824 11:18:10  InnoDB: Waiting for the background threads to start
140824 11:18:11 InnoDB: 5.5.38 started; log sequence number 2398893
140824 11:18:11 [Note] Server hostname (bind-address): '127.0.0.1'; port: 3306
140824 11:18:11 [Note]   - '127.0.0.1' resolves to '127.0.0.1';
140824 11:18:11 [Note] Server socket created on IP: '127.0.0.1'.
140824 11:18:12 [Note] Event Scheduler: Loaded 0 events
140824 11:18:12 [Note] H:\UniServerZ(Project)\core\mysql\bin\mysqld_z.exe: ready for connections.
Version: '5.5.38'  socket: ''  port: 3306  MySQL Community Server (GPL)
140824 20:58:52 [Note] Plugin 'FEDERATED' is disabled.
140824 20:58:52 InnoDB: The InnoDB memory heap is disabled
140824 20:58:52 InnoDB: Mutexes and rw_locks use Windows interlocked functions
140824 20:58:52 InnoDB: Compressed tables use zlib 1.2.3
140824 20:58:52 InnoDB: Initializing buffer pool, size = 16.0M
140824 20:58:52 InnoDB: Completed initialization of buffer pool
140824 20:58:53 InnoDB: highest supported file format is Barracuda.
InnoDB: The log sequence number in ibdata files does not match
InnoDB: the log sequence number in the ib_logfiles!
140824 20:58:53  InnoDB: Database was not shut down normally!
InnoDB: Starting crash recovery.
InnoDB: Reading tablespace information from the .ibd files...
InnoDB: Restoring possible half-written data pages from the doublewrite
InnoDB: buffer...
140824 20:58:53  InnoDB: Waiting for the background threads to start
140824 20:58:54 InnoDB: 5.5.38 started; log sequence number 2398913
140824 20:58:54 [Note] Server hostname (bind-address): '127.0.0.1'; port: 3306
140824 20:58:54 [Note]   - '127.0.0.1' resolves to '127.0.0.1';
140824 20:58:54 [Note] Server socket created on IP: '127.0.0.1'.
140824 20:58:55 [Note] Event Scheduler: Loaded 0 events
140824 20:58:55 [Note] H:\UniServerZ(Project)\core\mysql\bin\mysqld_z.exe: ready for connections.
Version: '5.5.38'  socket: ''  port: 3306  MySQL Community Server (GPL)
140825  1:38:24 [Note] H:\UniServerZ(Project)\core\mysql\bin\mysqld_z.exe: Normal shutdown

140825  1:38:24 [Note] Event Scheduler: Purging the queue. 0 events
140825  1:38:24  InnoDB: Starting shutdown...
140825  1:38:25  InnoDB: Shutdown completed; log sequence number 2399357
140825  1:38:25 [Note] H:\UniServerZ(Project)\core\mysql\bin\mysqld_z.exe: Shutdown complete

140825  9:08:12 [Note] Plugin 'FEDERATED' is disabled.
140825  9:08:12 InnoDB: The InnoDB memory heap is disabled
140825  9:08:12 InnoDB: Mutexes and rw_locks use Windows interlocked functions
140825  9:08:12 InnoDB: Compressed tables use zlib 1.2.3
140825  9:08:12 InnoDB: Initializing buffer pool, size = 16.0M
140825  9:08:12 InnoDB: Completed initialization of buffer pool
140825  9:08:12 InnoDB: highest supported file format is Barracuda.
140825  9:08:12  InnoDB: Waiting for the background threads to start
140825  9:08:13 InnoDB: 5.5.38 started; log sequence number 2399357
140825  9:08:14 [Note] Server hostname (bind-address): '127.0.0.1'; port: 3306
140825  9:08:14 [Note]   - '127.0.0.1' resolves to '127.0.0.1';
140825  9:08:14 [Note] Server socket created on IP: '127.0.0.1'.
140825  9:08:14 [Note] Event Scheduler: Loaded 0 events
140825  9:08:14 [Note] E:\UniServerZ(Project)\core\mysql\bin\mysqld_z.exe: ready for connections.
Version: '5.5.38'  socket: ''  port: 3306  MySQL Community Server (GPL)
140826 10:56:11 [Note] Plugin 'FEDERATED' is disabled.
140826 10:56:11 InnoDB: The InnoDB memory heap is disabled
140826 10:56:11 InnoDB: Mutexes and rw_locks use Windows interlocked functions
140826 10:56:11 InnoDB: Compressed tables use zlib 1.2.3
140826 10:56:11 InnoDB: Initializing buffer pool, size = 16.0M
140826 10:56:11 InnoDB: Completed initialization of buffer pool
140826 10:56:11 InnoDB: highest supported file format is Barracuda.
InnoDB: The log sequence number in ibdata files does not match
InnoDB: the log sequence number in the ib_logfiles!
140826 10:56:11  InnoDB: Database was not shut down normally!
InnoDB: Starting crash recovery.
InnoDB: Reading tablespace information from the .ibd files...
InnoDB: Restoring possible half-written data pages from the doublewrite
InnoDB: buffer...
140826 10:56:12  InnoDB: Waiting for the background threads to start
140826 10:56:13 InnoDB: 5.5.38 started; log sequence number 2399377
140826 10:56:13 [Note] Server hostname (bind-address): '127.0.0.1'; port: 3306
140826 10:56:13 [Note]   - '127.0.0.1' resolves to '127.0.0.1';
140826 10:56:13 [Note] Server socket created on IP: '127.0.0.1'.
140826 10:56:13 [Note] Event Scheduler: Loaded 0 events
140826 10:56:13 [Note] H:\UniServerZ(Project)\core\mysql\bin\mysqld_z.exe: ready for connections.
Version: '5.5.38'  socket: ''  port: 3306  MySQL Community Server (GPL)
140827 11:28:03 [Note] Plugin 'FEDERATED' is disabled.
140827 11:28:03 InnoDB: The InnoDB memory heap is disabled
140827 11:28:03 InnoDB: Mutexes and rw_locks use Windows interlocked functions
140827 11:28:03 InnoDB: Compressed tables use zlib 1.2.3
140827 11:28:03 InnoDB: Initializing buffer pool, size = 16.0M
140827 11:28:03 InnoDB: Completed initialization of buffer pool
140827 11:28:03 InnoDB: highest supported file format is Barracuda.
InnoDB: The log sequence number in ibdata files does not match
InnoDB: the log sequence number in the ib_logfiles!
140827 11:28:03  InnoDB: Database was not shut down normally!
InnoDB: Starting crash recovery.
InnoDB: Reading tablespace information from the .ibd files...
InnoDB: Restoring possible half-written data pages from the doublewrite
InnoDB: buffer...
140827 11:28:04  InnoDB: Waiting for the background threads to start
140827 11:28:05 InnoDB: 5.5.38 started; log sequence number 2404483
140827 11:28:05 [Note] Server hostname (bind-address): '127.0.0.1'; port: 3306
140827 11:28:05 [Note]   - '127.0.0.1' resolves to '127.0.0.1';
140827 11:28:05 [Note] Server socket created on IP: '127.0.0.1'.
140827 11:28:05 [Note] Event Scheduler: Loaded 0 events
140827 11:28:05 [Note] H:\UniServerZ(Project)\core\mysql\bin\mysqld_z.exe: ready for connections.
Version: '5.5.38'  socket: ''  port: 3306  MySQL Community Server (GPL)
140827 18:03:05 [Note] H:\UniServerZ(Project)\core\mysql\bin\mysqld_z.exe: Normal shutdown

140827 18:03:05 [Note] Event Scheduler: Purging the queue. 0 events
140827 18:03:05  InnoDB: Starting shutdown...
140827 18:03:06  InnoDB: Shutdown completed; log sequence number 2404523
140827 18:03:06 [Note] H:\UniServerZ(Project)\core\mysql\bin\mysqld_z.exe: Shutdown complete

140827 18:07:03 [Note] Plugin 'FEDERATED' is disabled.
140827 18:07:03 InnoDB: The InnoDB memory heap is disabled
140827 18:07:03 InnoDB: Mutexes and rw_locks use Windows interlocked functions
140827 18:07:03 InnoDB: Compressed tables use zlib 1.2.3
140827 18:07:03 InnoDB: Initializing buffer pool, size = 16.0M
140827 18:07:03 InnoDB: Completed initialization of buffer pool
140827 18:07:03 InnoDB: highest supported file format is Barracuda.
140827 18:07:04  InnoDB: Waiting for the background threads to start
140827 18:07:05 InnoDB: 5.5.38 started; log sequence number 2404523
140827 18:07:05 [Note] Server hostname (bind-address): '127.0.0.1'; port: 3306
140827 18:07:05 [Note]   - '127.0.0.1' resolves to '127.0.0.1';
140827 18:07:05 [Note] Server socket created on IP: '127.0.0.1'.
140827 18:07:05 [Note] Event Scheduler: Loaded 0 events
140827 18:07:05 [Note] H:\UniServerZ(Project)\core\mysql\bin\mysqld_z.exe: ready for connections.
Version: '5.5.38'  socket: ''  port: 3306  MySQL Community Server (GPL)
140827 18:27:11 [Note] H:\UniServerZ(Project)\core\mysql\bin\mysqld_z.exe: Normal shutdown

140827 18:27:11 [Note] Event Scheduler: Purging the queue. 0 events
140827 18:27:11  InnoDB: Starting shutdown...
140827 18:27:12  InnoDB: Shutdown completed; log sequence number 2404533
140827 18:27:12 [Note] H:\UniServerZ(Project)\core\mysql\bin\mysqld_z.exe: Shutdown complete

140827 21:07:51 [Note] Plugin 'FEDERATED' is disabled.
140827 21:07:51 InnoDB: The InnoDB memory heap is disabled
140827 21:07:51 InnoDB: Mutexes and rw_locks use Windows interlocked functions
140827 21:07:51 InnoDB: Compressed tables use zlib 1.2.3
140827 21:07:51 InnoDB: Initializing buffer pool, size = 16.0M
140827 21:07:51 InnoDB: Completed initialization of buffer pool
140827 21:07:51 InnoDB: highest supported file format is Barracuda.
140827 21:07:51  InnoDB: Waiting for the background threads to start
140827 21:07:52 InnoDB: 5.5.38 started; log sequence number 2404533
140827 21:07:52 [Note] Server hostname (bind-address): '127.0.0.1'; port: 3306
140827 21:07:52 [Note]   - '127.0.0.1' resolves to '127.0.0.1';
140827 21:07:52 [Note] Server socket created on IP: '127.0.0.1'.
140827 21:07:52 [Note] Event Scheduler: Loaded 0 events
140827 21:07:52 [Note] H:\UniServerZ(Project)\core\mysql\bin\mysqld_z.exe: ready for connections.
Version: '5.5.38'  socket: ''  port: 3306  MySQL Community Server (GPL)
140828  9:18:16 [Note] Plugin 'FEDERATED' is disabled.
140828  9:18:16 InnoDB: The InnoDB memory heap is disabled
140828  9:18:16 InnoDB: Mutexes and rw_locks use Windows interlocked functions
140828  9:18:16 InnoDB: Compressed tables use zlib 1.2.3
140828  9:18:16 InnoDB: Initializing buffer pool, size = 16.0M
140828  9:18:16 InnoDB: Completed initialization of buffer pool
140828  9:18:17 InnoDB: highest supported file format is Barracuda.
InnoDB: The log sequence number in ibdata files does not match
InnoDB: the log sequence number in the ib_logfiles!
140828  9:18:17  InnoDB: Database was not shut down normally!
InnoDB: Starting crash recovery.
InnoDB: Reading tablespace information from the .ibd files...
InnoDB: Restoring possible half-written data pages from the doublewrite
InnoDB: buffer...
140828  9:18:18  InnoDB: Waiting for the background threads to start
140828  9:18:19 InnoDB: 5.5.38 started; log sequence number 2404778
140828  9:18:19 [Note] Server hostname (bind-address): '127.0.0.1'; port: 3306
140828  9:18:19 [Note]   - '127.0.0.1' resolves to '127.0.0.1';
140828  9:18:19 [Note] Server socket created on IP: '127.0.0.1'.
140828  9:18:19 [Note] Event Scheduler: Loaded 0 events
140828  9:18:19 [Note] E:\UniServerZ(Project)\core\mysql\bin\mysqld_z.exe: ready for connections.
Version: '5.5.38'  socket: ''  port: 3306  MySQL Community Server (GPL)
140828 11:51:54 [Note] E:\UniServerZ(Project)\core\mysql\bin\mysqld_z.exe: Normal shutdown

140828 11:51:54 [Note] Event Scheduler: Purging the queue. 0 events
140828 11:51:54  InnoDB: Starting shutdown...
140828 11:51:54  InnoDB: Shutdown completed; log sequence number 2405754
140828 11:51:54 [Note] E:\UniServerZ(Project)\core\mysql\bin\mysqld_z.exe: Shutdown complete

140828 13:33:18 [Note] Plugin 'FEDERATED' is disabled.
140828 13:33:18 InnoDB: The InnoDB memory heap is disabled
140828 13:33:18 InnoDB: Mutexes and rw_locks use Windows interlocked functions
140828 13:33:18 InnoDB: Compressed tables use zlib 1.2.3
140828 13:33:18 InnoDB: Initializing buffer pool, size = 16.0M
140828 13:33:18 InnoDB: Completed initialization of buffer pool
140828 13:33:18 InnoDB: highest supported file format is Barracuda.
140828 13:33:18  InnoDB: Waiting for the background threads to start
140828 13:33:19 InnoDB: 5.5.38 started; log sequence number 2405754
140828 13:33:19 [Note] Server hostname (bind-address): '127.0.0.1'; port: 3306
140828 13:33:19 [Note]   - '127.0.0.1' resolves to '127.0.0.1';
140828 13:33:19 [Note] Server socket created on IP: '127.0.0.1'.
140828 13:33:20 [Note] Event Scheduler: Loaded 0 events
140828 13:33:20 [Note] E:\UniServerZ(Project)\core\mysql\bin\mysqld_z.exe: ready for connections.
Version: '5.5.38'  socket: ''  port: 3306  MySQL Community Server (GPL)
140828 13:52:50 [Note] E:\UniServerZ(Project)\core\mysql\bin\mysqld_z.exe: Normal shutdown

140828 13:52:50 [Note] Event Scheduler: Purging the queue. 0 events
140828 13:52:50  InnoDB: Starting shutdown...
140828 13:52:51  InnoDB: Shutdown completed; log sequence number 2405764
140828 13:52:51 [Note] E:\UniServerZ(Project)\core\mysql\bin\mysqld_z.exe: Shutdown complete

140828 21:14:30 [Note] Plugin 'FEDERATED' is disabled.
140828 21:14:30 InnoDB: The InnoDB memory heap is disabled
140828 21:14:30 InnoDB: Mutexes and rw_locks use Windows interlocked functions
140828 21:14:30 InnoDB: Compressed tables use zlib 1.2.3
140828 21:14:30 InnoDB: Initializing buffer pool, size = 16.0M
140828 21:14:30 InnoDB: Completed initialization of buffer pool
140828 21:14:30 InnoDB: highest supported file format is Barracuda.
140828 21:14:31  InnoDB: Waiting for the background threads to start
140828 21:14:32 InnoDB: 5.5.38 started; log sequence number 2405764
140828 21:14:32 [Note] Server hostname (bind-address): '127.0.0.1'; port: 3306
140828 21:14:32 [Note]   - '127.0.0.1' resolves to '127.0.0.1';
140828 21:14:32 [Note] Server socket created on IP: '127.0.0.1'.
140828 21:14:32 [Note] Event Scheduler: Loaded 0 events
140828 21:14:32 [Note] E:\UniServerZ(Project)\core\mysql\bin\mysqld_z.exe: ready for connections.
Version: '5.5.38'  socket: ''  port: 3306  MySQL Community Server (GPL)
140828 21:14:58 [Note] E:\UniServerZ(Project)\core\mysql\bin\mysqld_z.exe: Normal shutdown

140828 21:14:58 [Note] Event Scheduler: Purging the queue. 0 events
140828 21:14:58  InnoDB: Starting shutdown...
140828 21:14:59  InnoDB: Shutdown completed; log sequence number 2405764
140828 21:14:59 [Note] E:\UniServerZ(Project)\core\mysql\bin\mysqld_z.exe: Shutdown complete

140829 11:31:19 [Note] Plugin 'FEDERATED' is disabled.
140829 11:31:19 InnoDB: The InnoDB memory heap is disabled
140829 11:31:19 InnoDB: Mutexes and rw_locks use Windows interlocked functions
140829 11:31:19 InnoDB: Compressed tables use zlib 1.2.3
140829 11:31:19 InnoDB: Initializing buffer pool, size = 16.0M
140829 11:31:19 InnoDB: Completed initialization of buffer pool
140829 11:31:19 InnoDB: highest supported file format is Barracuda.
140829 11:31:20  InnoDB: Waiting for the background threads to start
140829 11:31:21 InnoDB: 5.5.38 started; log sequence number 2405764
140829 11:31:21 [Note] Server hostname (bind-address): '127.0.0.1'; port: 3306
140829 11:31:21 [Note]   - '127.0.0.1' resolves to '127.0.0.1';
140829 11:31:21 [Note] Server socket created on IP: '127.0.0.1'.
140829 11:31:22 [Note] Event Scheduler: Loaded 0 events
140829 11:31:22 [Note] E:\UniServerZ(Project)\core\mysql\bin\mysqld_z.exe: ready for connections.
Version: '5.5.38'  socket: ''  port: 3306  MySQL Community Server (GPL)
140829 12:17:13 [Note] Plugin 'FEDERATED' is disabled.
140829 12:17:13 InnoDB: The InnoDB memory heap is disabled
140829 12:17:13 InnoDB: Mutexes and rw_locks use Windows interlocked functions
140829 12:17:13 InnoDB: Compressed tables use zlib 1.2.3
140829 12:17:13 InnoDB: Initializing buffer pool, size = 16.0M
140829 12:17:13 InnoDB: Completed initialization of buffer pool
140829 12:17:13 InnoDB: highest supported file format is Barracuda.
InnoDB: The log sequence number in ibdata files does not match
InnoDB: the log sequence number in the ib_logfiles!
140829 12:17:13  InnoDB: Database was not shut down normally!
InnoDB: Starting crash recovery.
InnoDB: Reading tablespace information from the .ibd files...
InnoDB: Restoring possible half-written data pages from the doublewrite
InnoDB: buffer...
140829 12:17:14  InnoDB: Waiting for the background threads to start
140829 12:17:15 InnoDB: 5.5.38 started; log sequence number 2405774
140829 12:17:15 [Note] Server hostname (bind-address): '127.0.0.1'; port: 3306
140829 12:17:15 [Note]   - '127.0.0.1' resolves to '127.0.0.1';
140829 12:17:15 [Note] Server socket created on IP: '127.0.0.1'.
140829 12:17:16 [Note] Event Scheduler: Loaded 0 events
140829 12:17:16 [Note] F:\UniServerZ(Project)\core\mysql\bin\mysqld_z.exe: ready for connections.
Version: '5.5.38'  socket: ''  port: 3306  MySQL Community Server (GPL)
140829 13:14:12 [Note] F:\UniServerZ(Project)\core\mysql\bin\mysqld_z.exe: Normal shutdown

140829 13:14:12 [Note] Event Scheduler: Purging the queue. 0 events
140829 13:14:12  InnoDB: Starting shutdown...
140829 13:14:13  InnoDB: Shutdown completed; log sequence number 2458647
140829 13:14:13 [Note] F:\UniServerZ(Project)\core\mysql\bin\mysqld_z.exe: Shutdown complete

140829 13:23:28 [Note] Plugin 'FEDERATED' is disabled.
140829 13:23:28 InnoDB: The InnoDB memory heap is disabled
140829 13:23:28 InnoDB: Mutexes and rw_locks use Windows interlocked functions
140829 13:23:28 InnoDB: Compressed tables use zlib 1.2.3
140829 13:23:28 InnoDB: Initializing buffer pool, size = 16.0M
140829 13:23:28 InnoDB: Completed initialization of buffer pool
140829 13:23:28 InnoDB: highest supported file format is Barracuda.
140829 13:23:29  InnoDB: Waiting for the background threads to start
140829 13:23:30 InnoDB: 5.5.38 started; log sequence number 2458647
140829 13:23:30 [Note] Server hostname (bind-address): '127.0.0.1'; port: 3306
140829 13:23:30 [Note]   - '127.0.0.1' resolves to '127.0.0.1';
140829 13:23:30 [Note] Server socket created on IP: '127.0.0.1'.
140829 13:23:30 [Note] Event Scheduler: Loaded 0 events
140829 13:23:30 [Note] E:\UniServerZ(Project)\core\mysql\bin\mysqld_z.exe: ready for connections.
Version: '5.5.38'  socket: ''  port: 3306  MySQL Community Server (GPL)
140829 14:10:20 [Note] E:\UniServerZ(Project)\core\mysql\bin\mysqld_z.exe: Normal shutdown

140829 14:10:20 [Note] Event Scheduler: Purging the queue. 0 events
140829 14:10:20  InnoDB: Starting shutdown...
140829 14:10:21  InnoDB: Shutdown completed; log sequence number 2473757
140829 14:10:21 [Note] E:\UniServerZ(Project)\core\mysql\bin\mysqld_z.exe: Shutdown complete

140829 14:14:31 [Note] Plugin 'FEDERATED' is disabled.
140829 14:14:31 InnoDB: The InnoDB memory heap is disabled
140829 14:14:31 InnoDB: Mutexes and rw_locks use Windows interlocked functions
140829 14:14:31 InnoDB: Compressed tables use zlib 1.2.3
140829 14:14:31 InnoDB: Initializing buffer pool, size = 16.0M
140829 14:14:31 InnoDB: Completed initialization of buffer pool
140829 14:14:31 InnoDB: highest supported file format is Barracuda.
140829 14:14:32  InnoDB: Waiting for the background threads to start
140829 14:14:33 InnoDB: 5.5.38 started; log sequence number 2473757
140829 14:14:33 [Note] Server hostname (bind-address): '127.0.0.1'; port: 3306
140829 14:14:33 [Note]   - '127.0.0.1' resolves to '127.0.0.1';
140829 14:14:33 [Note] Server socket created on IP: '127.0.0.1'.
140829 14:14:33 [Note] Event Scheduler: Loaded 0 events
140829 14:14:33 [Note] E:\UniServerZ(Project)\core\mysql\bin\mysqld_z.exe: ready for connections.
Version: '5.5.38'  socket: ''  port: 3306  MySQL Community Server (GPL)
140829 22:02:45 [Note] Plugin 'FEDERATED' is disabled.
140829 22:02:45 InnoDB: The InnoDB memory heap is disabled
140829 22:02:45 InnoDB: Mutexes and rw_locks use Windows interlocked functions
140829 22:02:45 InnoDB: Compressed tables use zlib 1.2.3
140829 22:02:45 InnoDB: Initializing buffer pool, size = 16.0M
140829 22:02:45 InnoDB: Completed initialization of buffer pool
140829 22:02:45 InnoDB: highest supported file format is Barracuda.
InnoDB: The log sequence number in ibdata files does not match
InnoDB: the log sequence number in the ib_logfiles!
140829 22:02:45  InnoDB: Database was not shut down normally!
InnoDB: Starting crash recovery.
InnoDB: Reading tablespace information from the .ibd files...
InnoDB: Restoring possible half-written data pages from the doublewrite
InnoDB: buffer...
140829 22:02:46  InnoDB: Waiting for the background threads to start
140829 22:02:47 InnoDB: 5.5.38 started; log sequence number 2475983
140829 22:02:47 [Note] Server hostname (bind-address): '127.0.0.1'; port: 3306
140829 22:02:47 [Note]   - '127.0.0.1' resolves to '127.0.0.1';
140829 22:02:47 [Note] Server socket created on IP: '127.0.0.1'.
140829 22:02:47 [Note] Event Scheduler: Loaded 0 events
140829 22:02:47 [Note] E:\UniServerZ(Project)\core\mysql\bin\mysqld_z.exe: ready for connections.
Version: '5.5.38'  socket: ''  port: 3306  MySQL Community Server (GPL)
140830  9:13:54 [Note] Plugin 'FEDERATED' is disabled.
140830  9:13:54 InnoDB: The InnoDB memory heap is disabled
140830  9:13:54 InnoDB: Mutexes and rw_locks use Windows interlocked functions
140830  9:13:54 InnoDB: Compressed tables use zlib 1.2.3
140830  9:13:54 InnoDB: Initializing buffer pool, size = 16.0M
140830  9:13:54 InnoDB: Completed initialization of buffer pool
140830  9:13:54 InnoDB: highest supported file format is Barracuda.
InnoDB: The log sequence number in ibdata files does not match
InnoDB: the log sequence number in the ib_logfiles!
140830  9:13:54  InnoDB: Database was not shut down normally!
InnoDB: Starting crash recovery.
InnoDB: Reading tablespace information from the .ibd files...
InnoDB: Restoring possible half-written data pages from the doublewrite
InnoDB: buffer...
140830  9:13:55  InnoDB: Waiting for the background threads to start
140830  9:13:56 InnoDB: 5.5.38 started; log sequence number 2475993
140830  9:13:56 [Note] Server hostname (bind-address): '127.0.0.1'; port: 3306
140830  9:13:56 [Note]   - '127.0.0.1' resolves to '127.0.0.1';
140830  9:13:56 [Note] Server socket created on IP: '127.0.0.1'.
140830  9:13:57 [Note] Event Scheduler: Loaded 0 events
140830  9:13:57 [Note] E:\UniServerZ(Project)\core\mysql\bin\mysqld_z.exe: ready for connections.
Version: '5.5.38'  socket: ''  port: 3306  MySQL Community Server (GPL)
140830 10:49:43 [Note] E:\UniServerZ(Project)\core\mysql\bin\mysqld_z.exe: Normal shutdown

140830 10:49:43 [Note] Event Scheduler: Purging the queue. 0 events
140830 10:49:43  InnoDB: Starting shutdown...
140830 10:49:45  InnoDB: Shutdown completed; log sequence number 2495634
140830 10:49:45 [Note] E:\UniServerZ(Project)\core\mysql\bin\mysqld_z.exe: Shutdown complete

140830 10:56:36 [Note] Plugin 'FEDERATED' is disabled.
140830 10:56:36 InnoDB: The InnoDB memory heap is disabled
140830 10:56:36 InnoDB: Mutexes and rw_locks use Windows interlocked functions
140830 10:56:36 InnoDB: Compressed tables use zlib 1.2.3
140830 10:56:36 InnoDB: Initializing buffer pool, size = 16.0M
140830 10:56:36 InnoDB: Completed initialization of buffer pool
140830 10:56:36 InnoDB: highest supported file format is Barracuda.
140830 10:56:36  InnoDB: Waiting for the background threads to start
140830 10:56:37 InnoDB: 5.5.38 started; log sequence number 2495634
140830 10:56:37 [Note] Server hostname (bind-address): '127.0.0.1'; port: 3306
140830 10:56:37 [Note]   - '127.0.0.1' resolves to '127.0.0.1';
140830 10:56:37 [Note] Server socket created on IP: '127.0.0.1'.
140830 10:56:37 [Note] Event Scheduler: Loaded 0 events
140830 10:56:37 [Note] E:\UniServerZ(Project)\core\mysql\bin\mysqld_z.exe: ready for connections.
Version: '5.5.38'  socket: ''  port: 3306  MySQL Community Server (GPL)
140830 11:10:07 [Note] E:\UniServerZ(Project)\core\mysql\bin\mysqld_z.exe: Normal shutdown

140830 11:10:07 [Note] Event Scheduler: Purging the queue. 0 events
140830 11:10:07  InnoDB: Starting shutdown...
140830 11:10:08  InnoDB: Shutdown completed; log sequence number 2507617
140830 11:10:08 [Note] E:\UniServerZ(Project)\core\mysql\bin\mysqld_z.exe: Shutdown complete

140830 11:14:09 [Note] Plugin 'FEDERATED' is disabled.
140830 11:14:09 InnoDB: The InnoDB memory heap is disabled
140830 11:14:09 InnoDB: Mutexes and rw_locks use Windows interlocked functions
140830 11:14:09 InnoDB: Compressed tables use zlib 1.2.3
140830 11:14:09 InnoDB: Initializing buffer pool, size = 16.0M
140830 11:14:09 InnoDB: Completed initialization of buffer pool
140830 11:14:09 InnoDB: highest supported file format is Barracuda.
140830 11:14:09  InnoDB: Waiting for the background threads to start
140830 11:14:10 InnoDB: 5.5.38 started; log sequence number 2507617
140830 11:14:10 [Note] Server hostname (bind-address): '127.0.0.1'; port: 3306
140830 11:14:10 [Note]   - '127.0.0.1' resolves to '127.0.0.1';
140830 11:14:10 [Note] Server socket created on IP: '127.0.0.1'.
140830 11:14:10 [Note] Event Scheduler: Loaded 0 events
140830 11:14:10 [Note] E:\UniServerZ(Project)\core\mysql\bin\mysqld_z.exe: ready for connections.
Version: '5.5.38'  socket: ''  port: 3306  MySQL Community Server (GPL)
140830 21:32:19  InnoDB: Error: in ALTER TABLE `e-mark`.`studentresult`
InnoDB: has or is referenced in foreign key constraints
InnoDB: which are not compatible with the new table definition.
140830 21:36:14 [Note] E:\UniServerZ(Project)\core\mysql\bin\mysqld_z.exe: Normal shutdown

140830 21:36:14 [Note] Event Scheduler: Purging the queue. 0 events
140830 21:36:14  InnoDB: Starting shutdown...
140830 21:36:15  InnoDB: Shutdown completed; log sequence number 2609115
140830 21:36:15 [Note] E:\UniServerZ(Project)\core\mysql\bin\mysqld_z.exe: Shutdown complete

140830 21:50:12 [Note] Plugin 'FEDERATED' is disabled.
140830 21:50:12 InnoDB: The InnoDB memory heap is disabled
140830 21:50:12 InnoDB: Mutexes and rw_locks use Windows interlocked functions
140830 21:50:12 InnoDB: Compressed tables use zlib 1.2.3
140830 21:50:12 InnoDB: Initializing buffer pool, size = 16.0M
140830 21:50:12 InnoDB: Completed initialization of buffer pool
140830 21:50:12 InnoDB: highest supported file format is Barracuda.
140830 21:50:12  InnoDB: Waiting for the background threads to start
140830 21:50:13 InnoDB: 5.5.38 started; log sequence number 2609115
140830 21:50:13 [Note] Server hostname (bind-address): '127.0.0.1'; port: 3306
140830 21:50:13 [Note]   - '127.0.0.1' resolves to '127.0.0.1';
140830 21:50:13 [Note] Server socket created on IP: '127.0.0.1'.
140830 21:50:13 [Note] Event Scheduler: Loaded 0 events
140830 21:50:13 [Note] E:\UniServerZ(Project)\core\mysql\bin\mysqld_z.exe: ready for connections.
Version: '5.5.38'  socket: ''  port: 3306  MySQL Community Server (GPL)
140831 10:30:26 [Note] Plugin 'FEDERATED' is disabled.
140831 10:30:26 InnoDB: The InnoDB memory heap is disabled
140831 10:30:26 InnoDB: Mutexes and rw_locks use Windows interlocked functions
140831 10:30:26 InnoDB: Compressed tables use zlib 1.2.3
140831 10:30:26 InnoDB: Initializing buffer pool, size = 16.0M
140831 10:30:26 InnoDB: Completed initialization of buffer pool
140831 10:30:26 InnoDB: highest supported file format is Barracuda.
InnoDB: The log sequence number in ibdata files does not match
InnoDB: the log sequence number in the ib_logfiles!
140831 10:30:27  InnoDB: Database was not shut down normally!
InnoDB: Starting crash recovery.
InnoDB: Reading tablespace information from the .ibd files...
InnoDB: Restoring possible half-written data pages from the doublewrite
InnoDB: buffer...
140831 10:30:28  InnoDB: Waiting for the background threads to start
140831 10:30:29 InnoDB: 5.5.38 started; log sequence number 2648825
140831 10:30:29 [Note] Server hostname (bind-address): '127.0.0.1'; port: 3306
140831 10:30:29 [Note]   - '127.0.0.1' resolves to '127.0.0.1';
140831 10:30:29 [Note] Server socket created on IP: '127.0.0.1'.
140831 10:30:29 [Note] Event Scheduler: Loaded 0 events
140831 10:30:29 [Note] E:\UniServerZ(Project)\core\mysql\bin\mysqld_z.exe: ready for connections.
Version: '5.5.38'  socket: ''  port: 3306  MySQL Community Server (GPL)
140831 18:23:16 [Note] Plugin 'FEDERATED' is disabled.
140831 18:23:17 InnoDB: The InnoDB memory heap is disabled
140831 18:23:17 InnoDB: Mutexes and rw_locks use Windows interlocked functions
140831 18:23:17 InnoDB: Compressed tables use zlib 1.2.3
140831 18:23:17 InnoDB: Initializing buffer pool, size = 16.0M
140831 18:23:17 InnoDB: Completed initialization of buffer pool
140831 18:23:17 InnoDB: highest supported file format is Barracuda.
InnoDB: The log sequence number in ibdata files does not match
InnoDB: the log sequence number in the ib_logfiles!
140831 18:23:17  InnoDB: Database was not shut down normally!
InnoDB: Starting crash recovery.
InnoDB: Reading tablespace information from the .ibd files...
InnoDB: Restoring possible half-written data pages from the doublewrite
InnoDB: buffer...
140831 18:23:18  InnoDB: Waiting for the background threads to start
140831 18:23:19 InnoDB: 5.5.38 started; log sequence number 2737350
140831 18:23:19 [Note] Server hostname (bind-address): '127.0.0.1'; port: 3306
140831 18:23:19 [Note]   - '127.0.0.1' resolves to '127.0.0.1';
140831 18:23:19 [Note] Server socket created on IP: '127.0.0.1'.
140831 18:23:20 [Note] Event Scheduler: Loaded 0 events
140831 18:23:20 [Note] E:\UniServerZ(Project)\core\mysql\bin\mysqld_z.exe: ready for connections.
Version: '5.5.38'  socket: ''  port: 3306  MySQL Community Server (GPL)
140831 22:52:05 [Note] E:\UniServerZ(Project)\core\mysql\bin\mysqld_z.exe: Normal shutdown

140831 22:52:05 [Note] Event Scheduler: Purging the queue. 0 events
140831 22:52:05  InnoDB: Starting shutdown...
140831 22:52:06  InnoDB: Shutdown completed; log sequence number 2738377
140831 22:52:06 [Note] E:\UniServerZ(Project)\core\mysql\bin\mysqld_z.exe: Shutdown complete

140831 22:55:29 [Note] Plugin 'FEDERATED' is disabled.
140831 22:55:29 InnoDB: The InnoDB memory heap is disabled
140831 22:55:29 InnoDB: Mutexes and rw_locks use Windows interlocked functions
140831 22:55:29 InnoDB: Compressed tables use zlib 1.2.3
140831 22:55:29 InnoDB: Initializing buffer pool, size = 16.0M
140831 22:55:29 InnoDB: Completed initialization of buffer pool
140831 22:55:29 InnoDB: highest supported file format is Barracuda.
140831 22:55:29  InnoDB: Waiting for the background threads to start
140831 22:55:30 InnoDB: 5.5.38 started; log sequence number 2738377
140831 22:55:30 [Note] Server hostname (bind-address): '127.0.0.1'; port: 3306
140831 22:55:30 [Note]   - '127.0.0.1' resolves to '127.0.0.1';
140831 22:55:30 [Note] Server socket created on IP: '127.0.0.1'.
140831 22:55:30 [Note] Event Scheduler: Loaded 0 events
140831 22:55:30 [Note] E:\UniServerZ(Project)\core\mysql\bin\mysqld_z.exe: ready for connections.
Version: '5.5.38'  socket: ''  port: 3306  MySQL Community Server (GPL)
140901  9:07:24 [Note] Plugin 'FEDERATED' is disabled.
140901  9:07:25 InnoDB: The InnoDB memory heap is disabled
140901  9:07:25 InnoDB: Mutexes and rw_locks use Windows interlocked functions
140901  9:07:25 InnoDB: Compressed tables use zlib 1.2.3
140901  9:07:25 InnoDB: Initializing buffer pool, size = 16.0M
140901  9:07:25 InnoDB: Completed initialization of buffer pool
140901  9:07:25 InnoDB: highest supported file format is Barracuda.
InnoDB: The log sequence number in ibdata files does not match
InnoDB: the log sequence number in the ib_logfiles!
140901  9:07:25  InnoDB: Database was not shut down normally!
InnoDB: Starting crash recovery.
InnoDB: Reading tablespace information from the .ibd files...
InnoDB: Restoring possible half-written data pages from the doublewrite
InnoDB: buffer...
140901  9:07:27  InnoDB: Waiting for the background threads to start
140901  9:07:28 InnoDB: 5.5.38 started; log sequence number 2738560
140901  9:07:28 [Note] Server hostname (bind-address): '127.0.0.1'; port: 3306
140901  9:07:28 [Note]   - '127.0.0.1' resolves to '127.0.0.1';
140901  9:07:28 [Note] Server socket created on IP: '127.0.0.1'.
140901  9:07:29 [Note] Event Scheduler: Loaded 0 events
140901  9:07:29 [Note] E:\UniServerZ(Project)\core\mysql\bin\mysqld_z.exe: ready for connections.
Version: '5.5.38'  socket: ''  port: 3306  MySQL Community Server (GPL)
140901 23:45:41 [Note] Plugin 'FEDERATED' is disabled.
140901 23:45:41 InnoDB: The InnoDB memory heap is disabled
140901 23:45:41 InnoDB: Mutexes and rw_locks use Windows interlocked functions
140901 23:45:41 InnoDB: Compressed tables use zlib 1.2.3
140901 23:45:41 InnoDB: Initializing buffer pool, size = 16.0M
140901 23:45:41 InnoDB: Completed initialization of buffer pool
140901 23:45:41 InnoDB: highest supported file format is Barracuda.
InnoDB: The log sequence number in ibdata files does not match
InnoDB: the log sequence number in the ib_logfiles!
140901 23:45:41  InnoDB: Database was not shut down normally!
InnoDB: Starting crash recovery.
InnoDB: Reading tablespace information from the .ibd files...
InnoDB: Restoring possible half-written data pages from the doublewrite
InnoDB: buffer...
140901 23:45:41  InnoDB: Waiting for the background threads to start
140901 23:45:42 InnoDB: 5.5.38 started; log sequence number 2744464
140901 23:45:42 [Note] Server hostname (bind-address): '127.0.0.1'; port: 3306
140901 23:45:42 [Note]   - '127.0.0.1' resolves to '127.0.0.1';
140901 23:45:42 [Note] Server socket created on IP: '127.0.0.1'.
140901 23:45:42 [Note] Event Scheduler: Loaded 0 events
140901 23:45:42 [Note] E:\UniServerZ(team)\core\mysql\bin\mysqld_z.exe: ready for connections.
Version: '5.5.38'  socket: ''  port: 3306  MySQL Community Server (GPL)
140905 14:15:03 [Note] Plugin 'FEDERATED' is disabled.
140905 14:15:03 InnoDB: The InnoDB memory heap is disabled
140905 14:15:03 InnoDB: Mutexes and rw_locks use Windows interlocked functions
140905 14:15:03 InnoDB: Compressed tables use zlib 1.2.3
140905 14:15:03 InnoDB: Initializing buffer pool, size = 16.0M
140905 14:15:03 InnoDB: Completed initialization of buffer pool
140905 14:15:03 InnoDB: highest supported file format is Barracuda.
InnoDB: The log sequence number in ibdata files does not match
InnoDB: the log sequence number in the ib_logfiles!
140905 14:15:03  InnoDB: Database was not shut down normally!
InnoDB: Starting crash recovery.
InnoDB: Reading tablespace information from the .ibd files...
InnoDB: Restoring possible half-written data pages from the doublewrite
InnoDB: buffer...
140905 14:15:04  InnoDB: Waiting for the background threads to start
140905 14:15:05 InnoDB: 5.5.38 started; log sequence number 2748859
140905 14:15:05 [Note] Server hostname (bind-address): '127.0.0.1'; port: 3306
140905 14:15:05 [Note]   - '127.0.0.1' resolves to '127.0.0.1';
140905 14:15:05 [Note] Server socket created on IP: '127.0.0.1'.
140905 14:15:05 [Note] Event Scheduler: Loaded 0 events
140905 14:15:05 [Note] E:\UniServerZ(team)\core\mysql\bin\mysqld_z.exe: ready for connections.
Version: '5.5.38'  socket: ''  port: 3306  MySQL Community Server (GPL)
140905 15:22:04 [Note] E:\UniServerZ(team)\core\mysql\bin\mysqld_z.exe: Normal shutdown

140905 15:22:04 [Note] Event Scheduler: Purging the queue. 0 events
140905 15:22:04  InnoDB: Starting shutdown...
140905 15:22:05  InnoDB: Shutdown completed; log sequence number 2750213
140905 15:22:05 [Note] E:\UniServerZ(team)\core\mysql\bin\mysqld_z.exe: Shutdown complete

140908  9:29:56 [Note] Plugin 'FEDERATED' is disabled.
140908  9:29:56 InnoDB: The InnoDB memory heap is disabled
140908  9:29:56 InnoDB: Mutexes and rw_locks use Windows interlocked functions
140908  9:29:56 InnoDB: Compressed tables use zlib 1.2.3
140908  9:29:56 InnoDB: Initializing buffer pool, size = 16.0M
140908  9:29:56 InnoDB: Completed initialization of buffer pool
140908  9:29:56 InnoDB: highest supported file format is Barracuda.
140908  9:29:57  InnoDB: Waiting for the background threads to start
140908  9:29:58 InnoDB: 5.5.38 started; log sequence number 2750213
140908  9:29:58 [Note] Server hostname (bind-address): '127.0.0.1'; port: 3306
140908  9:29:58 [Note]   - '127.0.0.1' resolves to '127.0.0.1';
140908  9:29:58 [Note] Server socket created on IP: '127.0.0.1'.
140908  9:29:58 [Note] Event Scheduler: Loaded 0 events
140908  9:29:58 [Note] D:\DEV\UniServerZ\core\mysql\bin\mysqld_z.exe: ready for connections.
Version: '5.5.38'  socket: ''  port: 3306  MySQL Community Server (GPL)
140908 10:46:02 [Note] D:\DEV\UniServerZ\core\mysql\bin\mysqld_z.exe: Normal shutdown

140908 10:46:02 [Note] Event Scheduler: Purging the queue. 0 events
140908 10:46:02  InnoDB: Starting shutdown...
140908 10:46:04  InnoDB: Shutdown completed; log sequence number 2762071
140908 10:46:04 [Note] D:\DEV\UniServerZ\core\mysql\bin\mysqld_z.exe: Shutdown complete

140908 11:04:56 [Note] Plugin 'FEDERATED' is disabled.
140908 11:04:56 InnoDB: The InnoDB memory heap is disabled
140908 11:04:56 InnoDB: Mutexes and rw_locks use Windows interlocked functions
140908 11:04:56 InnoDB: Compressed tables use zlib 1.2.3
140908 11:04:56 InnoDB: Initializing buffer pool, size = 16.0M
140908 11:04:56 InnoDB: Completed initialization of buffer pool
140908 11:04:56 InnoDB: highest supported file format is Barracuda.
140908 11:04:57  InnoDB: Waiting for the background threads to start
140908 11:04:58 InnoDB: 5.5.38 started; log sequence number 2762071
140908 11:04:58 [Note] Server hostname (bind-address): '127.0.0.1'; port: 3306
140908 11:04:58 [Note]   - '127.0.0.1' resolves to '127.0.0.1';
140908 11:04:58 [Note] Server socket created on IP: '127.0.0.1'.
140908 11:04:58 [Note] Event Scheduler: Loaded 0 events
140908 11:04:58 [Note] D:\DEV\UniServerZ\core\mysql\bin\mysqld_z.exe: ready for connections.
Version: '5.5.38'  socket: ''  port: 3306  MySQL Community Server (GPL)
140908 23:59:17 [Note] D:\DEV\UniServerZ\core\mysql\bin\mysqld_z.exe: Normal shutdown

140908 23:59:17 [Note] Event Scheduler: Purging the queue. 0 events
140908 23:59:17  InnoDB: Starting shutdown...
140908 23:59:18  InnoDB: Shutdown completed; log sequence number 2763120
140908 23:59:18 [Note] D:\DEV\UniServerZ\core\mysql\bin\mysqld_z.exe: Shutdown complete

140909  0:00:17 [Note] Plugin 'FEDERATED' is disabled.
140909  0:00:17 InnoDB: The InnoDB memory heap is disabled
140909  0:00:17 InnoDB: Mutexes and rw_locks use Windows interlocked functions
140909  0:00:17 InnoDB: Compressed tables use zlib 1.2.3
140909  0:00:17 InnoDB: Initializing buffer pool, size = 16.0M
140909  0:00:17 InnoDB: Completed initialization of buffer pool
140909  0:00:17 InnoDB: highest supported file format is Barracuda.
140909  0:00:18  InnoDB: Waiting for the background threads to start
140909  0:00:19 InnoDB: 5.5.38 started; log sequence number 2763120
140909  0:00:19 [Note] Server hostname (bind-address): '127.0.0.1'; port: 3306
140909  0:00:19 [Note]   - '127.0.0.1' resolves to '127.0.0.1';
140909  0:00:19 [Note] Server socket created on IP: '127.0.0.1'.
140909  0:00:19 [Note] Event Scheduler: Loaded 0 events
140909  0:00:19 [Note] D:\DEV\UniServerZ\core\mysql\bin\mysqld_z.exe: ready for connections.
Version: '5.5.38'  socket: ''  port: 3306  MySQL Community Server (GPL)
140909 13:54:42 [Note] D:\DEV\UniServerZ\core\mysql\bin\mysqld_z.exe: Normal shutdown

140909 13:54:42 [Note] Event Scheduler: Purging the queue. 0 events
140909 13:54:42  InnoDB: Starting shutdown...
140909 13:54:42  InnoDB: Shutdown completed; log sequence number 2763120
140909 13:54:42 [Note] D:\DEV\UniServerZ\core\mysql\bin\mysqld_z.exe: Shutdown complete

140912 10:18:31 [Note] Plugin 'FEDERATED' is disabled.
140912 10:18:31 InnoDB: The InnoDB memory heap is disabled
140912 10:18:31 InnoDB: Mutexes and rw_locks use Windows interlocked functions
140912 10:18:31 InnoDB: Compressed tables use zlib 1.2.3
140912 10:18:31 InnoDB: Initializing buffer pool, size = 16.0M
140912 10:18:31 InnoDB: Completed initialization of buffer pool
140912 10:18:31 InnoDB: highest supported file format is Barracuda.
140912 10:18:32  InnoDB: Waiting for the background threads to start
140912 10:18:33 InnoDB: 5.5.38 started; log sequence number 2763120
140912 10:18:33 [Note] Server hostname (bind-address): '127.0.0.1'; port: 3306
140912 10:18:33 [Note]   - '127.0.0.1' resolves to '127.0.0.1';
140912 10:18:33 [Note] Server socket created on IP: '127.0.0.1'.
140912 10:18:34 [Note] Event Scheduler: Loaded 0 events
140912 10:18:34 [Note] D:\DEV\UniServerZ\core\mysql\bin\mysqld_z.exe: ready for connections.
Version: '5.5.38'  socket: ''  port: 3306  MySQL Community Server (GPL)
140912 12:51:33 [Note] D:\DEV\UniServerZ\core\mysql\bin\mysqld_z.exe: Normal shutdown

140912 12:51:33 [Note] Event Scheduler: Purging the queue. 0 events
140912 12:51:33  InnoDB: Starting shutdown...
140912 12:51:34  InnoDB: Shutdown completed; log sequence number 2767396
140912 12:51:34 [Note] D:\DEV\UniServerZ\core\mysql\bin\mysqld_z.exe: Shutdown complete

140912 13:00:24 [Note] Plugin 'FEDERATED' is disabled.
140912 13:00:24 InnoDB: The InnoDB memory heap is disabled
140912 13:00:24 InnoDB: Mutexes and rw_locks use Windows interlocked functions
140912 13:00:24 InnoDB: Compressed tables use zlib 1.2.3
140912 13:00:24 InnoDB: Initializing buffer pool, size = 16.0M
140912 13:00:24 InnoDB: Completed initialization of buffer pool
140912 13:00:24 InnoDB: highest supported file format is Barracuda.
140912 13:00:25  InnoDB: Waiting for the background threads to start
140912 13:00:26 InnoDB: 5.5.38 started; log sequence number 2767396
140912 13:00:26 [Note] Server hostname (bind-address): '127.0.0.1'; port: 3306
140912 13:00:26 [Note]   - '127.0.0.1' resolves to '127.0.0.1';
140912 13:00:26 [Note] Server socket created on IP: '127.0.0.1'.
140912 13:00:26 [Note] Event Scheduler: Loaded 0 events
140912 13:00:26 [Note] D:\DEV\UniServerZ\core\mysql\bin\mysqld_z.exe: ready for connections.
Version: '5.5.38'  socket: ''  port: 3306  MySQL Community Server (GPL)
140912 14:18:51 [Note] D:\DEV\UniServerZ\core\mysql\bin\mysqld_z.exe: Normal shutdown

140912 14:18:51 [Note] Event Scheduler: Purging the queue. 0 events
140912 14:18:51  InnoDB: Starting shutdown...
140912 14:18:52  InnoDB: Shutdown completed; log sequence number 2769671
140912 14:18:52 [Note] D:\DEV\UniServerZ\core\mysql\bin\mysqld_z.exe: Shutdown complete

140915  9:12:28 [Note] Plugin 'FEDERATED' is disabled.
140915  9:12:28 InnoDB: The InnoDB memory heap is disabled
140915  9:12:28 InnoDB: Mutexes and rw_locks use Windows interlocked functions
140915  9:12:28 InnoDB: Compressed tables use zlib 1.2.3
140915  9:12:28 InnoDB: Initializing buffer pool, size = 16.0M
140915  9:12:28 InnoDB: Completed initialization of buffer pool
140915  9:12:28 InnoDB: highest supported file format is Barracuda.
140915  9:12:29  InnoDB: Waiting for the background threads to start
140915  9:12:30 InnoDB: 5.5.38 started; log sequence number 2769671
140915  9:12:30 [Note] Server hostname (bind-address): '127.0.0.1'; port: 3306
140915  9:12:30 [Note]   - '127.0.0.1' resolves to '127.0.0.1';
140915  9:12:30 [Note] Server socket created on IP: '127.0.0.1'.
140915  9:12:31 [Note] Event Scheduler: Loaded 0 events
140915  9:12:31 [Note] D:\DEV\UniServerZ\core\mysql\bin\mysqld_z.exe: ready for connections.
Version: '5.5.38'  socket: ''  port: 3306  MySQL Community Server (GPL)
140916 16:46:01 [Note] D:\DEV\UniServerZ\core\mysql\bin\mysqld_z.exe: Normal shutdown

140916 16:46:01 [Note] Event Scheduler: Purging the queue. 0 events
140916 16:46:01  InnoDB: Starting shutdown...
140916 16:46:02  InnoDB: Shutdown completed; log sequence number 2776988
140916 16:46:02 [Note] D:\DEV\UniServerZ\core\mysql\bin\mysqld_z.exe: Shutdown complete

140916 17:53:10 [Note] Plugin 'FEDERATED' is disabled.
140916 17:53:10 InnoDB: The InnoDB memory heap is disabled
140916 17:53:10 InnoDB: Mutexes and rw_locks use Windows interlocked functions
140916 17:53:10 InnoDB: Compressed tables use zlib 1.2.3
140916 17:53:10 InnoDB: Initializing buffer pool, size = 16.0M
140916 17:53:10 InnoDB: Completed initialization of buffer pool
140916 17:53:10 InnoDB: highest supported file format is Barracuda.
140916 17:53:10  InnoDB: Waiting for the background threads to start
140916 17:53:11 InnoDB: 5.5.38 started; log sequence number 2776988
140916 17:53:11 [Note] Server hostname (bind-address): '127.0.0.1'; port: 3306
140916 17:53:11 [Note]   - '127.0.0.1' resolves to '127.0.0.1';
140916 17:53:11 [Note] Server socket created on IP: '127.0.0.1'.
140916 17:53:12 [Note] Event Scheduler: Loaded 0 events
140916 17:53:12 [Note] D:\DEV\UniServerZ\core\mysql\bin\mysqld_z.exe: ready for connections.
Version: '5.5.38'  socket: ''  port: 3306  MySQL Community Server (GPL)
